<?xml version="1.0" encoding="UTF-8"?>
<!-- Generated by org.testng.reporters.JUnitReportReporter -->
<testsuite hostname="DESKTOP-IREM7A5" name="com.iclickBankingTestCases.TC_LoginTest_001" tests="1" failures="0" timestamp="7 May 2021 12:50:37 GMT" time="4.289" errors="0">
  <testcase name="loginTest" time="4.289" classname="com.iclickBankingTestCases.TC_LoginTest_001"/>
</testsuite> <!-- com.iclickBankingTestCases.TC_LoginTest_001 -->
